2026-04-27T00:06:12.872-0700 [INFO]  Terraform version: 1.7.3
2026-04-27T00:06:12.872-0700 [DEBUG] using github.com/hashicorp/go-tfe v1.41.0
2026-04-27T00:06:12.872-0700 [DEBUG] using github.com/hashicorp/hcl/v2 v2.19.1
2026-04-27T00:06:12.872-0700 [DEBUG] using github.com/hashicorp/terraform-svchost v0.1.1
2026-04-27T00:06:12.872-0700 [DEBUG] using github.com/zclconf/go-cty v1.14.1
2026-04-27T00:06:12.872-0700 [INFO]  Go runtime version: go1.21.5
2026-04-27T00:06:12.872-0700 [INFO]  CLI args: []string{"C:\\Users\\PsyStew\\Documents\\DEV\\terraform-associate\\terraform.exe", "init"}
2026-04-27T00:06:12.873-0700 [TRACE] Stdout is a terminal of width 185
2026-04-27T00:06:12.873-0700 [TRACE] Stderr is a terminal of width 185
2026-04-27T00:06:12.873-0700 [TRACE] Stdin is a terminal
2026-04-27T00:06:12.876-0700 [DEBUG] Attempting to open CLI config file: C:\Users\PsyStew\AppData\Roaming\terraform.rc
2026-04-27T00:06:12.876-0700 [DEBUG] File doesn't exist, but doesn't need to. Ignoring.
2026-04-27T00:06:12.876-0700 [INFO]  Loading CLI configuration from C:\Users\PsyStew\AppData\Roaming\terraform.d\credentials.tfrc.json
2026-04-27T00:06:12.877-0700 [DEBUG] ignoring non-existing provider search directory terraform.d/plugins
2026-04-27T00:06:12.877-0700 [DEBUG] ignoring non-existing provider search directory C:\Users\PsyStew\AppData\Roaming\terraform.d\plugins
2026-04-27T00:06:12.878-0700 [DEBUG] ignoring non-existing provider search directory C:\Users\PsyStew\AppData\Roaming\HashiCorp\Terraform\plugins
2026-04-27T00:06:12.878-0700 [INFO]  CLI command args: []string{"init"}
2026-04-27T00:06:12.879-0700 [TRACE] Meta.Backend: built configuration for "cloud" backend with hash value 510653128
2026-04-27T00:06:12.879-0700 [TRACE] Meta.Backend: backend has not previously been initialized in this working directory
2026-04-27T00:06:12.879-0700 [DEBUG] New state was assigned lineage "7e8c6ef6-36d5-3321-f8e6-ae0906b9b53e"
2026-04-27T00:06:12.879-0700 [TRACE] Meta.Backend: moving from default local state only to "cloud" backend
2026-04-27T00:06:12.879-0700 [DEBUG] checking for provisioner in "."
2026-04-27T00:06:12.879-0700 [DEBUG] checking for provisioner in "C:\\Users\\PsyStew\\Documents\\DEV\\terraform-associate"
2026-04-27T00:06:12.879-0700 [TRACE] backend/local: state manager for workspace "default" will:
 - read initial snapshot from terraform.tfstate
 - write new snapshots to terraform.tfstate
 - create any backup at terraform.tfstate.backup
2026-04-27T00:06:12.879-0700 [TRACE] statemgr.Filesystem: reading initial snapshot from terraform.tfstate
2026-04-27T00:06:12.879-0700 [TRACE] statemgr.Filesystem: snapshot file has nil snapshot, but that's okay
2026-04-27T00:06:12.879-0700 [TRACE] statemgr.Filesystem: read nil snapshot
2026-04-27T00:06:12.879-0700 [TRACE] Meta.Backend: ignoring local "default" workspace because its state is empty
2026-04-27T00:06:12.879-0700 [TRACE] Meta.Backend: Terraform Cloud mode initialization type: ConfigChangeInPlace
2026-04-27T00:06:12.880-0700 [TRACE] cloud: using hostname "localhost:5173" from cloud config block
2026-04-27T00:06:12.880-0700 [TRACE] cloud: using organization "org_test" from cloud config block
2026-04-27T00:06:12.880-0700 [TRACE] cloud: found workspace name "workspace_test" in cloud config block
2026-04-27T00:06:12.880-0700 [TRACE] cloud: using project "" from TF_CLOUD_PROJECT variable
2026-04-27T00:06:12.880-0700 [TRACE] cloud: using workspace name "workspace_test" from cloud config block
2026-04-27T00:06:12.880-0700 [DEBUG] Service discovery for localhost:5173 at https://localhost:5173/.well-known/terraform.json
2026-04-27T00:06:12.880-0700 [TRACE] HTTP client GET request to https://localhost:5173/.well-known/terraform.json
2026-04-27T00:06:13.076-0700 [TRACE] Meta.BackendForPlan: backend *cloud.Cloud supports operations
2026-04-27T00:06:13.076-0700 [DEBUG] Service discovery for localhost:5173 aliased as localterraform.com
2026-04-27T00:08:52.661-0700 [INFO]  Terraform version: 1.7.3
2026-04-27T00:08:52.661-0700 [DEBUG] using github.com/hashicorp/go-tfe v1.41.0
2026-04-27T00:08:52.661-0700 [DEBUG] using github.com/hashicorp/hcl/v2 v2.19.1
2026-04-27T00:08:52.661-0700 [DEBUG] using github.com/hashicorp/terraform-svchost v0.1.1
2026-04-27T00:08:52.661-0700 [DEBUG] using github.com/zclconf/go-cty v1.14.1
2026-04-27T00:08:52.661-0700 [INFO]  Go runtime version: go1.21.5
2026-04-27T00:08:52.661-0700 [INFO]  CLI args: []string{"C:\\Users\\PsyStew\\Documents\\DEV\\terraform-associate\\terraform.exe", "init"}
2026-04-27T00:08:52.662-0700 [TRACE] Stdout is a terminal of width 173
2026-04-27T00:08:52.662-0700 [TRACE] Stderr is a terminal of width 173
2026-04-27T00:08:52.662-0700 [TRACE] Stdin is a terminal
2026-04-27T00:08:52.665-0700 [DEBUG] Attempting to open CLI config file: C:\Users\PsyStew\AppData\Roaming\terraform.rc
2026-04-27T00:08:52.665-0700 [DEBUG] File doesn't exist, but doesn't need to. Ignoring.
2026-04-27T00:08:52.665-0700 [INFO]  Loading CLI configuration from C:\Users\PsyStew\AppData\Roaming\terraform.d\credentials.tfrc.json
2026-04-27T00:08:52.665-0700 [DEBUG] ignoring non-existing provider search directory terraform.d/plugins
2026-04-27T00:08:52.665-0700 [DEBUG] ignoring non-existing provider search directory C:\Users\PsyStew\AppData\Roaming\terraform.d\plugins
2026-04-27T00:08:52.666-0700 [DEBUG] ignoring non-existing provider search directory C:\Users\PsyStew\AppData\Roaming\HashiCorp\Terraform\plugins
2026-04-27T00:08:52.667-0700 [INFO]  CLI command args: []string{"init"}
2026-04-27T00:08:52.668-0700 [TRACE] Meta.Backend: built configuration for "cloud" backend with hash value 510653128
2026-04-27T00:08:52.668-0700 [TRACE] Meta.Backend: backend has not previously been initialized in this working directory
2026-04-27T00:08:52.668-0700 [DEBUG] New state was assigned lineage "3ff5a1d5-140a-3e05-c660-8d4ef89ddda7"
2026-04-27T00:08:52.668-0700 [TRACE] Meta.Backend: moving from default local state only to "cloud" backend
2026-04-27T00:08:52.668-0700 [DEBUG] checking for provisioner in "."
2026-04-27T00:08:52.668-0700 [DEBUG] checking for provisioner in "C:\\Users\\PsyStew\\Documents\\DEV\\terraform-associate"
2026-04-27T00:08:52.668-0700 [TRACE] backend/local: state manager for workspace "default" will:
 - read initial snapshot from terraform.tfstate
 - write new snapshots to terraform.tfstate
 - create any backup at terraform.tfstate.backup
2026-04-27T00:08:52.668-0700 [TRACE] statemgr.Filesystem: reading initial snapshot from terraform.tfstate
2026-04-27T00:08:52.668-0700 [TRACE] statemgr.Filesystem: snapshot file has nil snapshot, but that's okay
2026-04-27T00:08:52.668-0700 [TRACE] statemgr.Filesystem: read nil snapshot
2026-04-27T00:08:52.668-0700 [TRACE] Meta.Backend: ignoring local "default" workspace because its state is empty
2026-04-27T00:08:52.668-0700 [TRACE] Meta.Backend: Terraform Cloud mode initialization type: ConfigChangeInPlace
2026-04-27T00:08:52.669-0700 [TRACE] cloud: using hostname "localhost:5173" from cloud config block
2026-04-27T00:08:52.669-0700 [TRACE] cloud: using organization "org_test" from cloud config block
2026-04-27T00:08:52.669-0700 [TRACE] cloud: found workspace name "workspace_test" in cloud config block
2026-04-27T00:08:52.669-0700 [TRACE] cloud: using project "" from TF_CLOUD_PROJECT variable
2026-04-27T00:08:52.669-0700 [TRACE] cloud: using workspace name "workspace_test" from cloud config block
2026-04-27T00:08:52.669-0700 [DEBUG] Service discovery for localhost:5173 at https://localhost:5173/.well-known/terraform.json
2026-04-27T00:08:52.669-0700 [TRACE] HTTP client GET request to https://localhost:5173/.well-known/terraform.json
2026-04-27T00:08:52.735-0700 [TRACE] Meta.BackendForPlan: backend *cloud.Cloud supports operations
2026-04-27T00:08:52.735-0700 [DEBUG] Service discovery for localhost:5173 aliased as localterraform.com
2026-04-27T00:11:06.807-0700 [INFO]  Terraform version: 1.7.3
2026-04-27T00:11:06.808-0700 [DEBUG] using github.com/hashicorp/go-tfe v1.41.0
2026-04-27T00:11:06.808-0700 [DEBUG] using github.com/hashicorp/hcl/v2 v2.19.1
2026-04-27T00:11:06.808-0700 [DEBUG] using github.com/hashicorp/terraform-svchost v0.1.1
2026-04-27T00:11:06.808-0700 [DEBUG] using github.com/zclconf/go-cty v1.14.1
2026-04-27T00:11:06.808-0700 [INFO]  Go runtime version: go1.21.5
2026-04-27T00:11:06.808-0700 [INFO]  CLI args: []string{"C:\\Users\\PsyStew\\Documents\\DEV\\terraform-associate\\terraform.exe", "init"}
2026-04-27T00:11:06.808-0700 [TRACE] Stdout is a terminal of width 173
2026-04-27T00:11:06.808-0700 [TRACE] Stderr is a terminal of width 173
2026-04-27T00:11:06.808-0700 [TRACE] Stdin is a terminal
2026-04-27T00:11:06.810-0700 [DEBUG] Attempting to open CLI config file: C:\Users\PsyStew\AppData\Roaming\terraform.rc
2026-04-27T00:11:06.811-0700 [DEBUG] File doesn't exist, but doesn't need to. Ignoring.
2026-04-27T00:11:06.811-0700 [INFO]  Loading CLI configuration from C:\Users\PsyStew\AppData\Roaming\terraform.d\credentials.tfrc.json
2026-04-27T00:11:06.811-0700 [DEBUG] ignoring non-existing provider search directory terraform.d/plugins
2026-04-27T00:11:06.811-0700 [DEBUG] ignoring non-existing provider search directory C:\Users\PsyStew\AppData\Roaming\terraform.d\plugins
2026-04-27T00:11:06.812-0700 [DEBUG] ignoring non-existing provider search directory C:\Users\PsyStew\AppData\Roaming\HashiCorp\Terraform\plugins
2026-04-27T00:11:06.812-0700 [INFO]  CLI command args: []string{"init"}
2026-04-27T00:11:06.813-0700 [TRACE] Meta.Backend: built configuration for "cloud" backend with hash value 510653128
2026-04-27T00:11:06.813-0700 [TRACE] Meta.Backend: backend has not previously been initialized in this working directory
2026-04-27T00:11:06.813-0700 [DEBUG] New state was assigned lineage "4bf0c1b8-580f-24d9-e4ef-daea99cb3c11"
2026-04-27T00:11:06.813-0700 [TRACE] Meta.Backend: moving from default local state only to "cloud" backend
2026-04-27T00:11:06.813-0700 [DEBUG] checking for provisioner in "."
2026-04-27T00:11:06.813-0700 [DEBUG] checking for provisioner in "C:\\Users\\PsyStew\\Documents\\DEV\\terraform-associate"
2026-04-27T00:11:06.813-0700 [TRACE] backend/local: state manager for workspace "default" will:
 - read initial snapshot from terraform.tfstate
 - write new snapshots to terraform.tfstate
 - create any backup at terraform.tfstate.backup
2026-04-27T00:11:06.813-0700 [TRACE] statemgr.Filesystem: reading initial snapshot from terraform.tfstate
2026-04-27T00:11:06.813-0700 [TRACE] statemgr.Filesystem: snapshot file has nil snapshot, but that's okay
2026-04-27T00:11:06.813-0700 [TRACE] statemgr.Filesystem: read nil snapshot
2026-04-27T00:11:06.813-0700 [TRACE] Meta.Backend: ignoring local "default" workspace because its state is empty
2026-04-27T00:11:06.813-0700 [TRACE] Meta.Backend: Terraform Cloud mode initialization type: ConfigChangeInPlace
2026-04-27T00:11:06.814-0700 [TRACE] cloud: using hostname "localhost:5173" from cloud config block
2026-04-27T00:11:06.814-0700 [TRACE] cloud: using organization "org_test" from cloud config block
2026-04-27T00:11:06.814-0700 [TRACE] cloud: found workspace name "workspace_test" in cloud config block
2026-04-27T00:11:06.814-0700 [TRACE] cloud: using project "" from TF_CLOUD_PROJECT variable
2026-04-27T00:11:06.814-0700 [TRACE] cloud: using workspace name "workspace_test" from cloud config block
2026-04-27T00:11:06.814-0700 [DEBUG] Service discovery for localhost:5173 at https://localhost:5173/.well-known/terraform.json
2026-04-27T00:11:06.814-0700 [TRACE] HTTP client GET request to https://localhost:5173/.well-known/terraform.json
2026-04-27T00:11:07.048-0700 [TRACE] Meta.BackendForPlan: backend *cloud.Cloud supports operations
2026-04-27T00:11:07.048-0700 [DEBUG] Service discovery for localhost:5173 aliased as localterraform.com
2026-04-27T00:12:57.527-0700 [INFO]  Terraform version: 1.7.3
2026-04-27T00:12:57.527-0700 [DEBUG] using github.com/hashicorp/go-tfe v1.41.0
2026-04-27T00:12:57.527-0700 [DEBUG] using github.com/hashicorp/hcl/v2 v2.19.1
2026-04-27T00:12:57.527-0700 [DEBUG] using github.com/hashicorp/terraform-svchost v0.1.1
2026-04-27T00:12:57.527-0700 [DEBUG] using github.com/zclconf/go-cty v1.14.1
2026-04-27T00:12:57.527-0700 [INFO]  Go runtime version: go1.21.5
2026-04-27T00:12:57.527-0700 [INFO]  CLI args: []string{"C:\\Users\\PsyStew\\Documents\\DEV\\terraform-associate\\terraform.exe", "init"}
2026-04-27T00:12:57.528-0700 [TRACE] Stdout is a terminal of width 173
2026-04-27T00:12:57.528-0700 [TRACE] Stderr is a terminal of width 173
2026-04-27T00:12:57.528-0700 [TRACE] Stdin is a terminal
2026-04-27T00:12:57.530-0700 [DEBUG] Attempting to open CLI config file: C:\Users\PsyStew\AppData\Roaming\terraform.rc
2026-04-27T00:12:57.530-0700 [DEBUG] File doesn't exist, but doesn't need to. Ignoring.
2026-04-27T00:12:57.531-0700 [INFO]  Loading CLI configuration from C:\Users\PsyStew\AppData\Roaming\terraform.d\credentials.tfrc.json
2026-04-27T00:12:57.531-0700 [DEBUG] ignoring non-existing provider search directory terraform.d/plugins
2026-04-27T00:12:57.531-0700 [DEBUG] ignoring non-existing provider search directory C:\Users\PsyStew\AppData\Roaming\terraform.d\plugins
2026-04-27T00:12:57.532-0700 [DEBUG] ignoring non-existing provider search directory C:\Users\PsyStew\AppData\Roaming\HashiCorp\Terraform\plugins
2026-04-27T00:12:57.532-0700 [INFO]  CLI command args: []string{"init"}
2026-04-27T00:12:57.533-0700 [TRACE] Meta.Backend: built configuration for "cloud" backend with hash value 510653128
2026-04-27T00:12:57.533-0700 [TRACE] Meta.Backend: backend has not previously been initialized in this working directory
2026-04-27T00:12:57.533-0700 [DEBUG] New state was assigned lineage "bc2d34af-7dd6-542b-e3eb-bbded08c3643"
2026-04-27T00:12:57.533-0700 [TRACE] Meta.Backend: moving from default local state only to "cloud" backend
2026-04-27T00:12:57.533-0700 [DEBUG] checking for provisioner in "."
2026-04-27T00:12:57.533-0700 [DEBUG] checking for provisioner in "C:\\Users\\PsyStew\\Documents\\DEV\\terraform-associate"
2026-04-27T00:12:57.533-0700 [TRACE] backend/local: state manager for workspace "default" will:
 - read initial snapshot from terraform.tfstate
 - write new snapshots to terraform.tfstate
 - create any backup at terraform.tfstate.backup
2026-04-27T00:12:57.533-0700 [TRACE] statemgr.Filesystem: reading initial snapshot from terraform.tfstate
2026-04-27T00:12:57.533-0700 [TRACE] statemgr.Filesystem: snapshot file has nil snapshot, but that's okay
2026-04-27T00:12:57.533-0700 [TRACE] statemgr.Filesystem: read nil snapshot
2026-04-27T00:12:57.533-0700 [TRACE] Meta.Backend: ignoring local "default" workspace because its state is empty
2026-04-27T00:12:57.533-0700 [TRACE] Meta.Backend: Terraform Cloud mode initialization type: ConfigChangeInPlace
2026-04-27T00:12:57.533-0700 [TRACE] cloud: using hostname "localhost:5173" from cloud config block
2026-04-27T00:12:57.533-0700 [TRACE] cloud: using organization "org_test" from cloud config block
2026-04-27T00:12:57.533-0700 [TRACE] cloud: found workspace name "workspace_test" in cloud config block
2026-04-27T00:12:57.533-0700 [TRACE] cloud: using project "" from TF_CLOUD_PROJECT variable
2026-04-27T00:12:57.533-0700 [TRACE] cloud: using workspace name "workspace_test" from cloud config block
2026-04-27T00:12:57.533-0700 [DEBUG] Service discovery for localhost:5173 at https://localhost:5173/.well-known/terraform.json
2026-04-27T00:12:57.534-0700 [TRACE] HTTP client GET request to https://localhost:5173/.well-known/terraform.json
2026-04-27T00:12:57.600-0700 [TRACE] Meta.BackendForPlan: backend *cloud.Cloud supports operations
2026-04-27T00:12:57.600-0700 [DEBUG] Service discovery for localhost:5173 aliased as localterraform.com
2026-04-27T00:17:15.151-0700 [INFO]  Terraform version: 1.7.3
2026-04-27T00:17:15.151-0700 [DEBUG] using github.com/hashicorp/go-tfe v1.41.0
2026-04-27T00:17:15.151-0700 [DEBUG] using github.com/hashicorp/hcl/v2 v2.19.1
2026-04-27T00:17:15.151-0700 [DEBUG] using github.com/hashicorp/terraform-svchost v0.1.1
2026-04-27T00:17:15.151-0700 [DEBUG] using github.com/zclconf/go-cty v1.14.1
2026-04-27T00:17:15.151-0700 [INFO]  Go runtime version: go1.21.5
2026-04-27T00:17:15.151-0700 [INFO]  CLI args: []string{"C:\\Users\\PsyStew\\Documents\\DEV\\terraform-associate\\terraform.exe", "init"}
2026-04-27T00:17:15.152-0700 [TRACE] Stdout is a terminal of width 173
2026-04-27T00:17:15.152-0700 [TRACE] Stderr is a terminal of width 173
2026-04-27T00:17:15.152-0700 [TRACE] Stdin is a terminal
2026-04-27T00:17:15.155-0700 [DEBUG] Attempting to open CLI config file: C:\Users\PsyStew\AppData\Roaming\terraform.rc
2026-04-27T00:17:15.155-0700 [DEBUG] File doesn't exist, but doesn't need to. Ignoring.
2026-04-27T00:17:15.155-0700 [INFO]  Loading CLI configuration from C:\Users\PsyStew\AppData\Roaming\terraform.d\credentials.tfrc.json
2026-04-27T00:17:15.155-0700 [DEBUG] ignoring non-existing provider search directory terraform.d/plugins
2026-04-27T00:17:15.155-0700 [DEBUG] ignoring non-existing provider search directory C:\Users\PsyStew\AppData\Roaming\terraform.d\plugins
2026-04-27T00:17:15.156-0700 [DEBUG] ignoring non-existing provider search directory C:\Users\PsyStew\AppData\Roaming\HashiCorp\Terraform\plugins
2026-04-27T00:17:15.156-0700 [INFO]  CLI command args: []string{"init"}
2026-04-27T00:17:15.157-0700 [TRACE] Meta.Backend: built configuration for "cloud" backend with hash value 510653128
2026-04-27T00:17:15.157-0700 [TRACE] Meta.Backend: backend has not previously been initialized in this working directory
2026-04-27T00:17:15.157-0700 [DEBUG] New state was assigned lineage "9247ffd4-d647-fe6a-ac3d-8f68a87b2525"
2026-04-27T00:17:15.157-0700 [TRACE] Meta.Backend: moving from default local state only to "cloud" backend
2026-04-27T00:17:15.157-0700 [DEBUG] checking for provisioner in "."
2026-04-27T00:17:15.158-0700 [DEBUG] checking for provisioner in "C:\\Users\\PsyStew\\Documents\\DEV\\terraform-associate"
2026-04-27T00:17:15.158-0700 [TRACE] backend/local: state manager for workspace "default" will:
 - read initial snapshot from terraform.tfstate
 - write new snapshots to terraform.tfstate
 - create any backup at terraform.tfstate.backup
2026-04-27T00:17:15.158-0700 [TRACE] statemgr.Filesystem: reading initial snapshot from terraform.tfstate
2026-04-27T00:17:15.158-0700 [TRACE] statemgr.Filesystem: snapshot file has nil snapshot, but that's okay
2026-04-27T00:17:15.158-0700 [TRACE] statemgr.Filesystem: read nil snapshot
2026-04-27T00:17:15.158-0700 [TRACE] Meta.Backend: ignoring local "default" workspace because its state is empty
2026-04-27T00:17:15.158-0700 [TRACE] Meta.Backend: Terraform Cloud mode initialization type: ConfigChangeInPlace
2026-04-27T00:17:15.158-0700 [TRACE] cloud: using hostname "localhost:5173" from cloud config block
2026-04-27T00:17:15.158-0700 [TRACE] cloud: using organization "org_test" from cloud config block
2026-04-27T00:17:15.158-0700 [TRACE] cloud: found workspace name "workspace_test" in cloud config block
2026-04-27T00:17:15.158-0700 [TRACE] cloud: using project "" from TF_CLOUD_PROJECT variable
2026-04-27T00:17:15.158-0700 [TRACE] cloud: using workspace name "workspace_test" from cloud config block
2026-04-27T00:17:15.158-0700 [DEBUG] Service discovery for localhost:5173 at https://localhost:5173/.well-known/terraform.json
2026-04-27T00:17:15.158-0700 [TRACE] HTTP client GET request to https://localhost:5173/.well-known/terraform.json
2026-04-27T00:17:15.219-0700 [TRACE] Meta.BackendForPlan: backend *cloud.Cloud supports operations
2026-04-27T00:17:15.219-0700 [DEBUG] Service discovery for localhost:5173 aliased as localterraform.com
2026-04-27T00:17:44.613-0700 [INFO]  Terraform version: 1.7.3
2026-04-27T00:17:44.614-0700 [DEBUG] using github.com/hashicorp/go-tfe v1.41.0
2026-04-27T00:17:44.614-0700 [DEBUG] using github.com/hashicorp/hcl/v2 v2.19.1
2026-04-27T00:17:44.614-0700 [DEBUG] using github.com/hashicorp/terraform-svchost v0.1.1
2026-04-27T00:17:44.614-0700 [DEBUG] using github.com/zclconf/go-cty v1.14.1
2026-04-27T00:17:44.614-0700 [INFO]  Go runtime version: go1.21.5
2026-04-27T00:17:44.614-0700 [INFO]  CLI args: []string{"C:\\Users\\PsyStew\\Documents\\DEV\\terraform-associate\\terraform.exe", "init"}
2026-04-27T00:17:44.614-0700 [TRACE] Stdout is a terminal of width 173
2026-04-27T00:17:44.614-0700 [TRACE] Stderr is a terminal of width 173
2026-04-27T00:17:44.614-0700 [TRACE] Stdin is a terminal
2026-04-27T00:17:44.616-0700 [DEBUG] Attempting to open CLI config file: C:\Users\PsyStew\AppData\Roaming\terraform.rc
2026-04-27T00:17:44.616-0700 [DEBUG] File doesn't exist, but doesn't need to. Ignoring.
2026-04-27T00:17:44.616-0700 [INFO]  Loading CLI configuration from C:\Users\PsyStew\AppData\Roaming\terraform.d\credentials.tfrc.json
2026-04-27T00:17:44.617-0700 [DEBUG] ignoring non-existing provider search directory terraform.d/plugins
2026-04-27T00:17:44.617-0700 [DEBUG] ignoring non-existing provider search directory C:\Users\PsyStew\AppData\Roaming\terraform.d\plugins
2026-04-27T00:17:44.617-0700 [DEBUG] ignoring non-existing provider search directory C:\Users\PsyStew\AppData\Roaming\HashiCorp\Terraform\plugins
2026-04-27T00:17:44.618-0700 [INFO]  CLI command args: []string{"init"}
2026-04-27T00:17:44.618-0700 [TRACE] Meta.Backend: built configuration for "cloud" backend with hash value 510653128
2026-04-27T00:17:44.618-0700 [TRACE] Meta.Backend: backend has not previously been initialized in this working directory
2026-04-27T00:17:44.618-0700 [DEBUG] New state was assigned lineage "5f824506-fcaf-af6a-ea10-1aa8b36df9be"
2026-04-27T00:17:44.618-0700 [TRACE] Meta.Backend: moving from default local state only to "cloud" backend
2026-04-27T00:17:44.619-0700 [DEBUG] checking for provisioner in "."
2026-04-27T00:17:44.619-0700 [DEBUG] checking for provisioner in "C:\\Users\\PsyStew\\Documents\\DEV\\terraform-associate"
2026-04-27T00:17:44.619-0700 [TRACE] backend/local: state manager for workspace "default" will:
 - read initial snapshot from terraform.tfstate
 - write new snapshots to terraform.tfstate
 - create any backup at terraform.tfstate.backup
2026-04-27T00:17:44.619-0700 [TRACE] statemgr.Filesystem: reading initial snapshot from terraform.tfstate
2026-04-27T00:17:44.619-0700 [TRACE] statemgr.Filesystem: snapshot file has nil snapshot, but that's okay
2026-04-27T00:17:44.619-0700 [TRACE] statemgr.Filesystem: read nil snapshot
2026-04-27T00:17:44.619-0700 [TRACE] Meta.Backend: ignoring local "default" workspace because its state is empty
2026-04-27T00:17:44.619-0700 [TRACE] Meta.Backend: Terraform Cloud mode initialization type: ConfigChangeInPlace
2026-04-27T00:17:44.619-0700 [TRACE] cloud: using hostname "localhost:5173" from cloud config block
2026-04-27T00:17:44.619-0700 [TRACE] cloud: using organization "org_test" from cloud config block
2026-04-27T00:17:44.619-0700 [TRACE] cloud: found workspace name "workspace_test" in cloud config block
2026-04-27T00:17:44.619-0700 [TRACE] cloud: using project "" from TF_CLOUD_PROJECT variable
2026-04-27T00:17:44.619-0700 [TRACE] cloud: using workspace name "workspace_test" from cloud config block
2026-04-27T00:17:44.619-0700 [DEBUG] Service discovery for localhost:5173 at https://localhost:5173/.well-known/terraform.json
2026-04-27T00:17:44.619-0700 [TRACE] HTTP client GET request to https://localhost:5173/.well-known/terraform.json
2026-04-27T00:17:44.680-0700 [TRACE] Meta.BackendForPlan: backend *cloud.Cloud supports operations
2026-04-27T00:17:44.680-0700 [DEBUG] Service discovery for localhost:5173 aliased as localterraform.com
2026-04-27T00:41:55.471-0700 [INFO]  Terraform version: 1.7.3
2026-04-27T00:41:55.472-0700 [DEBUG] using github.com/hashicorp/go-tfe v1.41.0
2026-04-27T00:41:55.472-0700 [DEBUG] using github.com/hashicorp/hcl/v2 v2.19.1
2026-04-27T00:41:55.472-0700 [DEBUG] using github.com/hashicorp/terraform-svchost v0.1.1
2026-04-27T00:41:55.472-0700 [DEBUG] using github.com/zclconf/go-cty v1.14.1
2026-04-27T00:41:55.472-0700 [INFO]  Go runtime version: go1.21.5
2026-04-27T00:41:55.472-0700 [INFO]  CLI args: []string{"C:\\Users\\PsyStew\\Documents\\DEV\\terraform-associate\\terraform.exe", "init"}
2026-04-27T00:41:55.472-0700 [TRACE] Stdout is a terminal of width 173
2026-04-27T00:41:55.472-0700 [TRACE] Stderr is a terminal of width 173
2026-04-27T00:41:55.472-0700 [TRACE] Stdin is a terminal
2026-04-27T00:41:55.474-0700 [DEBUG] Attempting to open CLI config file: C:\Users\PsyStew\AppData\Roaming\terraform.rc
2026-04-27T00:41:55.474-0700 [DEBUG] File doesn't exist, but doesn't need to. Ignoring.
2026-04-27T00:41:55.474-0700 [INFO]  Loading CLI configuration from C:\Users\PsyStew\AppData\Roaming\terraform.d\credentials.tfrc.json
2026-04-27T00:41:55.475-0700 [DEBUG] ignoring non-existing provider search directory terraform.d/plugins
2026-04-27T00:41:55.475-0700 [DEBUG] ignoring non-existing provider search directory C:\Users\PsyStew\AppData\Roaming\terraform.d\plugins
2026-04-27T00:41:55.475-0700 [DEBUG] ignoring non-existing provider search directory C:\Users\PsyStew\AppData\Roaming\HashiCorp\Terraform\plugins
2026-04-27T00:41:55.476-0700 [INFO]  CLI command args: []string{"init"}
2026-04-27T00:41:55.476-0700 [TRACE] Meta.Backend: built configuration for "cloud" backend with hash value 510653128
2026-04-27T00:41:55.477-0700 [TRACE] Meta.Backend: backend has not previously been initialized in this working directory
2026-04-27T00:41:55.477-0700 [DEBUG] New state was assigned lineage "c8fe0551-3556-2639-2693-158314884244"
2026-04-27T00:41:55.477-0700 [TRACE] Meta.Backend: moving from default local state only to "cloud" backend
2026-04-27T00:41:55.477-0700 [DEBUG] checking for provisioner in "."
2026-04-27T00:41:55.477-0700 [DEBUG] checking for provisioner in "C:\\Users\\PsyStew\\Documents\\DEV\\terraform-associate"
2026-04-27T00:41:55.477-0700 [TRACE] backend/local: state manager for workspace "default" will:
 - read initial snapshot from terraform.tfstate
 - write new snapshots to terraform.tfstate
 - create any backup at terraform.tfstate.backup
2026-04-27T00:41:55.477-0700 [TRACE] statemgr.Filesystem: reading initial snapshot from terraform.tfstate
2026-04-27T00:41:55.477-0700 [TRACE] statemgr.Filesystem: snapshot file has nil snapshot, but that's okay
2026-04-27T00:41:55.477-0700 [TRACE] statemgr.Filesystem: read nil snapshot
2026-04-27T00:41:55.477-0700 [TRACE] Meta.Backend: ignoring local "default" workspace because its state is empty
2026-04-27T00:41:55.477-0700 [TRACE] Meta.Backend: Terraform Cloud mode initialization type: ConfigChangeInPlace
2026-04-27T00:41:55.477-0700 [TRACE] cloud: using hostname "localhost:5173" from cloud config block
2026-04-27T00:41:55.477-0700 [TRACE] cloud: using organization "org_test" from cloud config block
2026-04-27T00:41:55.477-0700 [TRACE] cloud: found workspace name "workspace_test" in cloud config block
2026-04-27T00:41:55.477-0700 [TRACE] cloud: using project "" from TF_CLOUD_PROJECT variable
2026-04-27T00:41:55.477-0700 [TRACE] cloud: using workspace name "workspace_test" from cloud config block
2026-04-27T00:41:55.477-0700 [DEBUG] Service discovery for localhost:5173 at https://localhost:5173/.well-known/terraform.json
2026-04-27T00:41:55.477-0700 [TRACE] HTTP client GET request to https://localhost:5173/.well-known/terraform.json
2026-04-27T00:41:57.270-0700 [TRACE] Meta.BackendForPlan: backend *cloud.Cloud supports operations
2026-04-27T00:41:57.270-0700 [DEBUG] Service discovery for localhost:5173 aliased as localterraform.com
2026-04-27T00:43:45.001-0700 [INFO]  Terraform version: 1.7.3
2026-04-27T00:43:45.001-0700 [DEBUG] using github.com/hashicorp/go-tfe v1.41.0
2026-04-27T00:43:45.001-0700 [DEBUG] using github.com/hashicorp/hcl/v2 v2.19.1
2026-04-27T00:43:45.001-0700 [DEBUG] using github.com/hashicorp/terraform-svchost v0.1.1
2026-04-27T00:43:45.001-0700 [DEBUG] using github.com/zclconf/go-cty v1.14.1
2026-04-27T00:43:45.001-0700 [INFO]  Go runtime version: go1.21.5
2026-04-27T00:43:45.001-0700 [INFO]  CLI args: []string{"C:\\Users\\PsyStew\\Documents\\DEV\\terraform-associate\\terraform.exe", "init"}
2026-04-27T00:43:45.002-0700 [TRACE] Stdout is a terminal of width 173
2026-04-27T00:43:45.002-0700 [TRACE] Stderr is a terminal of width 173
2026-04-27T00:43:45.002-0700 [TRACE] Stdin is a terminal
2026-04-27T00:43:45.004-0700 [DEBUG] Attempting to open CLI config file: C:\Users\PsyStew\AppData\Roaming\terraform.rc
2026-04-27T00:43:45.004-0700 [DEBUG] File doesn't exist, but doesn't need to. Ignoring.
2026-04-27T00:43:45.005-0700 [INFO]  Loading CLI configuration from C:\Users\PsyStew\AppData\Roaming\terraform.d\credentials.tfrc.json
2026-04-27T00:43:45.006-0700 [DEBUG] ignoring non-existing provider search directory terraform.d/plugins
2026-04-27T00:43:45.006-0700 [DEBUG] ignoring non-existing provider search directory C:\Users\PsyStew\AppData\Roaming\terraform.d\plugins
2026-04-27T00:43:45.006-0700 [DEBUG] ignoring non-existing provider search directory C:\Users\PsyStew\AppData\Roaming\HashiCorp\Terraform\plugins
2026-04-27T00:43:45.006-0700 [INFO]  CLI command args: []string{"init"}
2026-04-27T00:43:45.007-0700 [TRACE] Meta.Backend: built configuration for "cloud" backend with hash value 510653128
2026-04-27T00:43:45.007-0700 [TRACE] Meta.Backend: backend has not previously been initialized in this working directory
2026-04-27T00:43:45.007-0700 [DEBUG] New state was assigned lineage "9274ef17-c162-9275-f95d-12dd6a70294c"
2026-04-27T00:43:45.007-0700 [TRACE] Meta.Backend: moving from default local state only to "cloud" backend
2026-04-27T00:43:45.008-0700 [DEBUG] checking for provisioner in "."
2026-04-27T00:43:45.008-0700 [DEBUG] checking for provisioner in "C:\\Users\\PsyStew\\Documents\\DEV\\terraform-associate"
2026-04-27T00:43:45.008-0700 [TRACE] backend/local: state manager for workspace "default" will:
 - read initial snapshot from terraform.tfstate
 - write new snapshots to terraform.tfstate
 - create any backup at terraform.tfstate.backup
2026-04-27T00:43:45.008-0700 [TRACE] statemgr.Filesystem: reading initial snapshot from terraform.tfstate
2026-04-27T00:43:45.008-0700 [TRACE] statemgr.Filesystem: snapshot file has nil snapshot, but that's okay
2026-04-27T00:43:45.008-0700 [TRACE] statemgr.Filesystem: read nil snapshot
2026-04-27T00:43:45.008-0700 [TRACE] Meta.Backend: ignoring local "default" workspace because its state is empty
2026-04-27T00:43:45.008-0700 [TRACE] Meta.Backend: Terraform Cloud mode initialization type: ConfigChangeInPlace
2026-04-27T00:43:45.008-0700 [TRACE] cloud: using hostname "localhost:5173" from cloud config block
2026-04-27T00:43:45.008-0700 [TRACE] cloud: using organization "org_test" from cloud config block
2026-04-27T00:43:45.008-0700 [TRACE] cloud: found workspace name "workspace_test" in cloud config block
2026-04-27T00:43:45.008-0700 [TRACE] cloud: using project "" from TF_CLOUD_PROJECT variable
2026-04-27T00:43:45.008-0700 [TRACE] cloud: using workspace name "workspace_test" from cloud config block
2026-04-27T00:43:45.008-0700 [DEBUG] Service discovery for localhost:5173 at https://localhost:5173/.well-known/terraform.json
2026-04-27T00:43:45.008-0700 [TRACE] HTTP client GET request to https://localhost:5173/.well-known/terraform.json
2026-04-27T00:43:47.184-0700 [TRACE] Meta.BackendForPlan: backend *cloud.Cloud supports operations
2026-04-27T00:43:47.184-0700 [DEBUG] Service discovery for localhost:5173 aliased as localterraform.com
2026-04-27T00:44:33.885-0700 [INFO]  Terraform version: 1.7.3
2026-04-27T00:44:33.886-0700 [DEBUG] using github.com/hashicorp/go-tfe v1.41.0
2026-04-27T00:44:33.886-0700 [DEBUG] using github.com/hashicorp/hcl/v2 v2.19.1
2026-04-27T00:44:33.886-0700 [DEBUG] using github.com/hashicorp/terraform-svchost v0.1.1
2026-04-27T00:44:33.886-0700 [DEBUG] using github.com/zclconf/go-cty v1.14.1
2026-04-27T00:44:33.886-0700 [INFO]  Go runtime version: go1.21.5
2026-04-27T00:44:33.886-0700 [INFO]  CLI args: []string{"C:\\Users\\PsyStew\\Documents\\DEV\\terraform-associate\\terraform.exe", "init"}
2026-04-27T00:44:33.886-0700 [TRACE] Stdout is a terminal of width 173
2026-04-27T00:44:33.886-0700 [TRACE] Stderr is a terminal of width 173
2026-04-27T00:44:33.886-0700 [TRACE] Stdin is a terminal
2026-04-27T00:44:33.889-0700 [DEBUG] Attempting to open CLI config file: C:\Users\PsyStew\AppData\Roaming\terraform.rc
2026-04-27T00:44:33.889-0700 [DEBUG] File doesn't exist, but doesn't need to. Ignoring.
2026-04-27T00:44:33.889-0700 [INFO]  Loading CLI configuration from C:\Users\PsyStew\AppData\Roaming\terraform.d\credentials.tfrc.json
2026-04-27T00:44:33.889-0700 [DEBUG] ignoring non-existing provider search directory terraform.d/plugins
2026-04-27T00:44:33.889-0700 [DEBUG] ignoring non-existing provider search directory C:\Users\PsyStew\AppData\Roaming\terraform.d\plugins
2026-04-27T00:44:33.890-0700 [DEBUG] ignoring non-existing provider search directory C:\Users\PsyStew\AppData\Roaming\HashiCorp\Terraform\plugins
2026-04-27T00:44:33.890-0700 [INFO]  CLI command args: []string{"init"}
2026-04-27T00:44:33.891-0700 [TRACE] Meta.Backend: built configuration for "cloud" backend with hash value 510653128
2026-04-27T00:44:33.891-0700 [TRACE] Meta.Backend: backend has not previously been initialized in this working directory
2026-04-27T00:44:33.891-0700 [DEBUG] New state was assigned lineage "53171980-2b97-662c-c136-89fce7437825"
2026-04-27T00:44:33.891-0700 [TRACE] Meta.Backend: moving from default local state only to "cloud" backend
2026-04-27T00:44:33.891-0700 [DEBUG] checking for provisioner in "."
2026-04-27T00:44:33.891-0700 [DEBUG] checking for provisioner in "C:\\Users\\PsyStew\\Documents\\DEV\\terraform-associate"
2026-04-27T00:44:33.891-0700 [TRACE] backend/local: state manager for workspace "default" will:
 - read initial snapshot from terraform.tfstate
 - write new snapshots to terraform.tfstate
 - create any backup at terraform.tfstate.backup
2026-04-27T00:44:33.891-0700 [TRACE] statemgr.Filesystem: reading initial snapshot from terraform.tfstate
2026-04-27T00:44:33.892-0700 [TRACE] statemgr.Filesystem: snapshot file has nil snapshot, but that's okay
2026-04-27T00:44:33.892-0700 [TRACE] statemgr.Filesystem: read nil snapshot
2026-04-27T00:44:33.892-0700 [TRACE] Meta.Backend: ignoring local "default" workspace because its state is empty
2026-04-27T00:44:33.892-0700 [TRACE] Meta.Backend: Terraform Cloud mode initialization type: ConfigChangeInPlace
2026-04-27T00:44:33.892-0700 [TRACE] cloud: using hostname "localhost:5173" from cloud config block
2026-04-27T00:44:33.892-0700 [TRACE] cloud: using organization "org_test" from cloud config block
2026-04-27T00:44:33.892-0700 [TRACE] cloud: found workspace name "workspace_test" in cloud config block
2026-04-27T00:44:33.892-0700 [TRACE] cloud: using project "" from TF_CLOUD_PROJECT variable
2026-04-27T00:44:33.892-0700 [TRACE] cloud: using workspace name "workspace_test" from cloud config block
2026-04-27T00:44:33.892-0700 [DEBUG] Service discovery for localhost:5173 at https://localhost:5173/.well-known/terraform.json
2026-04-27T00:44:33.892-0700 [TRACE] HTTP client GET request to https://localhost:5173/.well-known/terraform.json
2026-04-27T00:44:33.960-0700 [TRACE] Meta.BackendForPlan: backend *cloud.Cloud supports operations
2026-04-27T00:44:33.960-0700 [DEBUG] Service discovery for localhost:5173 aliased as localterraform.com
2026-04-27T00:46:22.977-0700 [INFO]  Terraform version: 1.7.3
2026-04-27T00:46:22.977-0700 [DEBUG] using github.com/hashicorp/go-tfe v1.41.0
2026-04-27T00:46:22.977-0700 [DEBUG] using github.com/hashicorp/hcl/v2 v2.19.1
2026-04-27T00:46:22.977-0700 [DEBUG] using github.com/hashicorp/terraform-svchost v0.1.1
2026-04-27T00:46:22.977-0700 [DEBUG] using github.com/zclconf/go-cty v1.14.1
2026-04-27T00:46:22.977-0700 [INFO]  Go runtime version: go1.21.5
2026-04-27T00:46:22.977-0700 [INFO]  CLI args: []string{"C:\\Users\\PsyStew\\Documents\\DEV\\terraform-associate\\terraform.exe", "init"}
2026-04-27T00:46:22.977-0700 [TRACE] Stdout is a terminal of width 173
2026-04-27T00:46:22.977-0700 [TRACE] Stderr is a terminal of width 173
2026-04-27T00:46:22.977-0700 [TRACE] Stdin is a terminal
2026-04-27T00:46:22.980-0700 [DEBUG] Attempting to open CLI config file: C:\Users\PsyStew\AppData\Roaming\terraform.rc
2026-04-27T00:46:22.980-0700 [DEBUG] File doesn't exist, but doesn't need to. Ignoring.
2026-04-27T00:46:22.980-0700 [INFO]  Loading CLI configuration from C:\Users\PsyStew\AppData\Roaming\terraform.d\credentials.tfrc.json
2026-04-27T00:46:22.981-0700 [DEBUG] ignoring non-existing provider search directory terraform.d/plugins
2026-04-27T00:46:22.981-0700 [DEBUG] ignoring non-existing provider search directory C:\Users\PsyStew\AppData\Roaming\terraform.d\plugins
2026-04-27T00:46:22.982-0700 [DEBUG] ignoring non-existing provider search directory C:\Users\PsyStew\AppData\Roaming\HashiCorp\Terraform\plugins
2026-04-27T00:46:22.982-0700 [INFO]  CLI command args: []string{"init"}
2026-04-27T00:46:22.983-0700 [TRACE] Meta.Backend: built configuration for "cloud" backend with hash value 510653128
2026-04-27T00:46:22.983-0700 [TRACE] Meta.Backend: backend has not previously been initialized in this working directory
2026-04-27T00:46:22.983-0700 [DEBUG] New state was assigned lineage "07c1396b-fdcf-b108-ad30-eaa7931a9222"
2026-04-27T00:46:22.983-0700 [TRACE] Meta.Backend: moving from default local state only to "cloud" backend
2026-04-27T00:46:22.983-0700 [DEBUG] checking for provisioner in "."
2026-04-27T00:46:22.983-0700 [DEBUG] checking for provisioner in "C:\\Users\\PsyStew\\Documents\\DEV\\terraform-associate"
2026-04-27T00:46:22.983-0700 [TRACE] backend/local: state manager for workspace "default" will:
 - read initial snapshot from terraform.tfstate
 - write new snapshots to terraform.tfstate
 - create any backup at terraform.tfstate.backup
2026-04-27T00:46:22.984-0700 [TRACE] statemgr.Filesystem: reading initial snapshot from terraform.tfstate
2026-04-27T00:46:22.984-0700 [TRACE] statemgr.Filesystem: snapshot file has nil snapshot, but that's okay
2026-04-27T00:46:22.984-0700 [TRACE] statemgr.Filesystem: read nil snapshot
2026-04-27T00:46:22.984-0700 [TRACE] Meta.Backend: ignoring local "default" workspace because its state is empty
2026-04-27T00:46:22.984-0700 [TRACE] Meta.Backend: Terraform Cloud mode initialization type: ConfigChangeInPlace
2026-04-27T00:46:22.984-0700 [TRACE] cloud: using hostname "localhost:5173" from cloud config block
2026-04-27T00:46:22.984-0700 [TRACE] cloud: using organization "org_test" from cloud config block
2026-04-27T00:46:22.984-0700 [TRACE] cloud: found workspace name "workspace_test" in cloud config block
2026-04-27T00:46:22.984-0700 [TRACE] cloud: using project "" from TF_CLOUD_PROJECT variable
2026-04-27T00:46:22.984-0700 [TRACE] cloud: using workspace name "workspace_test" from cloud config block
2026-04-27T00:46:22.984-0700 [DEBUG] Service discovery for localhost:5173 at https://localhost:5173/.well-known/terraform.json
2026-04-27T00:46:22.984-0700 [TRACE] HTTP client GET request to https://localhost:5173/.well-known/terraform.json
2026-04-27T00:46:23.137-0700 [TRACE] Meta.BackendForPlan: backend *cloud.Cloud supports operations
2026-04-27T00:46:23.137-0700 [DEBUG] Service discovery for localhost:5173 aliased as localterraform.com
2026-04-27T00:54:04.099-0700 [INFO]  Terraform version: 1.7.3
2026-04-27T00:54:04.100-0700 [DEBUG] using github.com/hashicorp/go-tfe v1.41.0
2026-04-27T00:54:04.100-0700 [DEBUG] using github.com/hashicorp/hcl/v2 v2.19.1
2026-04-27T00:54:04.100-0700 [DEBUG] using github.com/hashicorp/terraform-svchost v0.1.1
2026-04-27T00:54:04.100-0700 [DEBUG] using github.com/zclconf/go-cty v1.14.1
2026-04-27T00:54:04.100-0700 [INFO]  Go runtime version: go1.21.5
2026-04-27T00:54:04.100-0700 [INFO]  CLI args: []string{"C:\\Users\\PsyStew\\Documents\\DEV\\terraform-associate\\terraform.exe", "init"}
2026-04-27T00:54:04.100-0700 [TRACE] Stdout is a terminal of width 173
2026-04-27T00:54:04.100-0700 [TRACE] Stderr is a terminal of width 173
2026-04-27T00:54:04.100-0700 [TRACE] Stdin is a terminal
2026-04-27T00:54:04.103-0700 [DEBUG] Attempting to open CLI config file: C:\Users\PsyStew\AppData\Roaming\terraform.rc
2026-04-27T00:54:04.103-0700 [DEBUG] File doesn't exist, but doesn't need to. Ignoring.
2026-04-27T00:54:04.103-0700 [INFO]  Loading CLI configuration from C:\Users\PsyStew\AppData\Roaming\terraform.d\credentials.tfrc.json
2026-04-27T00:54:04.103-0700 [DEBUG] ignoring non-existing provider search directory terraform.d/plugins
2026-04-27T00:54:04.103-0700 [DEBUG] ignoring non-existing provider search directory C:\Users\PsyStew\AppData\Roaming\terraform.d\plugins
2026-04-27T00:54:04.104-0700 [DEBUG] ignoring non-existing provider search directory C:\Users\PsyStew\AppData\Roaming\HashiCorp\Terraform\plugins
2026-04-27T00:54:04.104-0700 [INFO]  CLI command args: []string{"init"}
2026-04-27T00:54:04.105-0700 [TRACE] Meta.Backend: built configuration for "cloud" backend with hash value 510653128
2026-04-27T00:54:04.105-0700 [TRACE] Meta.Backend: backend has not previously been initialized in this working directory
2026-04-27T00:54:04.105-0700 [DEBUG] New state was assigned lineage "cd99f698-04e5-c1b6-cb59-83cd19b5b8a6"
2026-04-27T00:54:04.105-0700 [TRACE] Meta.Backend: moving from default local state only to "cloud" backend
2026-04-27T00:54:04.105-0700 [DEBUG] checking for provisioner in "."
2026-04-27T00:54:04.105-0700 [DEBUG] checking for provisioner in "C:\\Users\\PsyStew\\Documents\\DEV\\terraform-associate"
2026-04-27T00:54:04.105-0700 [TRACE] backend/local: state manager for workspace "default" will:
 - read initial snapshot from terraform.tfstate
 - write new snapshots to terraform.tfstate
 - create any backup at terraform.tfstate.backup
2026-04-27T00:54:04.105-0700 [TRACE] statemgr.Filesystem: reading initial snapshot from terraform.tfstate
2026-04-27T00:54:04.105-0700 [TRACE] statemgr.Filesystem: snapshot file has nil snapshot, but that's okay
2026-04-27T00:54:04.105-0700 [TRACE] statemgr.Filesystem: read nil snapshot
2026-04-27T00:54:04.105-0700 [TRACE] Meta.Backend: ignoring local "default" workspace because its state is empty
2026-04-27T00:54:04.105-0700 [TRACE] Meta.Backend: Terraform Cloud mode initialization type: ConfigChangeInPlace
2026-04-27T00:54:04.106-0700 [TRACE] cloud: using hostname "localhost:5173" from cloud config block
2026-04-27T00:54:04.106-0700 [TRACE] cloud: using organization "org_test" from cloud config block
2026-04-27T00:54:04.106-0700 [TRACE] cloud: found workspace name "workspace_test" in cloud config block
2026-04-27T00:54:04.106-0700 [TRACE] cloud: using project "" from TF_CLOUD_PROJECT variable
2026-04-27T00:54:04.106-0700 [TRACE] cloud: using workspace name "workspace_test" from cloud config block
2026-04-27T00:54:04.106-0700 [DEBUG] Service discovery for localhost:5173 at https://localhost:5173/.well-known/terraform.json
2026-04-27T00:54:04.106-0700 [TRACE] HTTP client GET request to https://localhost:5173/.well-known/terraform.json
2026-04-27T00:54:04.165-0700 [TRACE] Meta.BackendForPlan: backend *cloud.Cloud supports operations
2026-04-27T00:54:04.165-0700 [DEBUG] Service discovery for localhost:5173 aliased as localterraform.com
2026-04-27T00:54:47.135-0700 [INFO]  Terraform version: 1.7.3
2026-04-27T00:54:47.135-0700 [DEBUG] using github.com/hashicorp/go-tfe v1.41.0
2026-04-27T00:54:47.135-0700 [DEBUG] using github.com/hashicorp/hcl/v2 v2.19.1
2026-04-27T00:54:47.135-0700 [DEBUG] using github.com/hashicorp/terraform-svchost v0.1.1
2026-04-27T00:54:47.135-0700 [DEBUG] using github.com/zclconf/go-cty v1.14.1
2026-04-27T00:54:47.135-0700 [INFO]  Go runtime version: go1.21.5
2026-04-27T00:54:47.135-0700 [INFO]  CLI args: []string{"C:\\Users\\PsyStew\\Documents\\DEV\\terraform-associate\\terraform.exe", "init"}
2026-04-27T00:54:47.136-0700 [TRACE] Stdout is a terminal of width 173
2026-04-27T00:54:47.136-0700 [TRACE] Stderr is a terminal of width 173
2026-04-27T00:54:47.136-0700 [TRACE] Stdin is a terminal
2026-04-27T00:54:47.139-0700 [DEBUG] Attempting to open CLI config file: C:\Users\PsyStew\AppData\Roaming\terraform.rc
2026-04-27T00:54:47.139-0700 [DEBUG] File doesn't exist, but doesn't need to. Ignoring.
2026-04-27T00:54:47.139-0700 [INFO]  Loading CLI configuration from C:\Users\PsyStew\AppData\Roaming\terraform.d\credentials.tfrc.json
2026-04-27T00:54:47.140-0700 [DEBUG] ignoring non-existing provider search directory terraform.d/plugins
2026-04-27T00:54:47.140-0700 [DEBUG] ignoring non-existing provider search directory C:\Users\PsyStew\AppData\Roaming\terraform.d\plugins
2026-04-27T00:54:47.140-0700 [DEBUG] ignoring non-existing provider search directory C:\Users\PsyStew\AppData\Roaming\HashiCorp\Terraform\plugins
2026-04-27T00:54:47.140-0700 [INFO]  CLI command args: []string{"init"}
2026-04-27T00:54:47.141-0700 [TRACE] Meta.Backend: built configuration for "cloud" backend with hash value 510653128
2026-04-27T00:54:47.141-0700 [TRACE] Meta.Backend: backend has not previously been initialized in this working directory
2026-04-27T00:54:47.141-0700 [DEBUG] New state was assigned lineage "2ba7a21c-4335-4311-202a-a4a08e4dd329"
2026-04-27T00:54:47.141-0700 [TRACE] Meta.Backend: moving from default local state only to "cloud" backend
2026-04-27T00:54:47.142-0700 [DEBUG] checking for provisioner in "."
2026-04-27T00:54:47.142-0700 [DEBUG] checking for provisioner in "C:\\Users\\PsyStew\\Documents\\DEV\\terraform-associate"
2026-04-27T00:54:47.142-0700 [TRACE] backend/local: state manager for workspace "default" will:
 - read initial snapshot from terraform.tfstate
 - write new snapshots to terraform.tfstate
 - create any backup at terraform.tfstate.backup
2026-04-27T00:54:47.142-0700 [TRACE] statemgr.Filesystem: reading initial snapshot from terraform.tfstate
2026-04-27T00:54:47.142-0700 [TRACE] statemgr.Filesystem: snapshot file has nil snapshot, but that's okay
2026-04-27T00:54:47.142-0700 [TRACE] statemgr.Filesystem: read nil snapshot
2026-04-27T00:54:47.142-0700 [TRACE] Meta.Backend: ignoring local "default" workspace because its state is empty
2026-04-27T00:54:47.142-0700 [TRACE] Meta.Backend: Terraform Cloud mode initialization type: ConfigChangeInPlace
2026-04-27T00:54:47.142-0700 [TRACE] cloud: using hostname "localhost:5173" from cloud config block
2026-04-27T00:54:47.142-0700 [TRACE] cloud: using organization "org_test" from cloud config block
2026-04-27T00:54:47.142-0700 [TRACE] cloud: found workspace name "workspace_test" in cloud config block
2026-04-27T00:54:47.142-0700 [TRACE] cloud: using project "" from TF_CLOUD_PROJECT variable
2026-04-27T00:54:47.142-0700 [TRACE] cloud: using workspace name "workspace_test" from cloud config block
2026-04-27T00:54:47.142-0700 [DEBUG] Service discovery for localhost:5173 at https://localhost:5173/.well-known/terraform.json
2026-04-27T00:54:47.142-0700 [TRACE] HTTP client GET request to https://localhost:5173/.well-known/terraform.json
2026-04-27T00:54:47.203-0700 [TRACE] Meta.BackendForPlan: backend *cloud.Cloud supports operations
2026-04-27T00:54:47.203-0700 [DEBUG] Service discovery for localhost:5173 aliased as localterraform.com
2026-04-27T00:55:35.045-0700 [INFO]  Terraform version: 1.7.3
2026-04-27T00:55:35.045-0700 [DEBUG] using github.com/hashicorp/go-tfe v1.41.0
2026-04-27T00:55:35.045-0700 [DEBUG] using github.com/hashicorp/hcl/v2 v2.19.1
2026-04-27T00:55:35.045-0700 [DEBUG] using github.com/hashicorp/terraform-svchost v0.1.1
2026-04-27T00:55:35.045-0700 [DEBUG] using github.com/zclconf/go-cty v1.14.1
2026-04-27T00:55:35.045-0700 [INFO]  Go runtime version: go1.21.5
2026-04-27T00:55:35.045-0700 [INFO]  CLI args: []string{"C:\\Users\\PsyStew\\Documents\\DEV\\terraform-associate\\terraform.exe", "init"}
2026-04-27T00:55:35.046-0700 [TRACE] Stdout is a terminal of width 173
2026-04-27T00:55:35.046-0700 [TRACE] Stderr is a terminal of width 173
2026-04-27T00:55:35.046-0700 [TRACE] Stdin is a terminal
2026-04-27T00:55:35.048-0700 [DEBUG] Attempting to open CLI config file: C:\Users\PsyStew\AppData\Roaming\terraform.rc
2026-04-27T00:55:35.048-0700 [DEBUG] File doesn't exist, but doesn't need to. Ignoring.
2026-04-27T00:55:35.048-0700 [INFO]  Loading CLI configuration from C:\Users\PsyStew\AppData\Roaming\terraform.d\credentials.tfrc.json
2026-04-27T00:55:35.049-0700 [DEBUG] ignoring non-existing provider search directory terraform.d/plugins
2026-04-27T00:55:35.049-0700 [DEBUG] ignoring non-existing provider search directory C:\Users\PsyStew\AppData\Roaming\terraform.d\plugins
2026-04-27T00:55:35.049-0700 [DEBUG] ignoring non-existing provider search directory C:\Users\PsyStew\AppData\Roaming\HashiCorp\Terraform\plugins
2026-04-27T00:55:35.049-0700 [INFO]  CLI command args: []string{"init"}
2026-04-27T00:55:35.050-0700 [TRACE] Meta.Backend: built configuration for "cloud" backend with hash value 510653128
2026-04-27T00:55:35.050-0700 [TRACE] Meta.Backend: backend has not previously been initialized in this working directory
2026-04-27T00:55:35.050-0700 [DEBUG] New state was assigned lineage "2baad5be-d9a6-5376-be64-d3830cbf3401"
2026-04-27T00:55:35.051-0700 [TRACE] Meta.Backend: moving from default local state only to "cloud" backend
2026-04-27T00:55:35.051-0700 [DEBUG] checking for provisioner in "."
2026-04-27T00:55:35.051-0700 [DEBUG] checking for provisioner in "C:\\Users\\PsyStew\\Documents\\DEV\\terraform-associate"
2026-04-27T00:55:35.051-0700 [TRACE] backend/local: state manager for workspace "default" will:
 - read initial snapshot from terraform.tfstate
 - write new snapshots to terraform.tfstate
 - create any backup at terraform.tfstate.backup
2026-04-27T00:55:35.051-0700 [TRACE] statemgr.Filesystem: reading initial snapshot from terraform.tfstate
2026-04-27T00:55:35.051-0700 [TRACE] statemgr.Filesystem: snapshot file has nil snapshot, but that's okay
2026-04-27T00:55:35.051-0700 [TRACE] statemgr.Filesystem: read nil snapshot
2026-04-27T00:55:35.051-0700 [TRACE] Meta.Backend: ignoring local "default" workspace because its state is empty
2026-04-27T00:55:35.051-0700 [TRACE] Meta.Backend: Terraform Cloud mode initialization type: ConfigChangeInPlace
2026-04-27T00:55:35.051-0700 [TRACE] cloud: using hostname "localhost:5173" from cloud config block
2026-04-27T00:55:35.051-0700 [TRACE] cloud: using organization "org_test" from cloud config block
2026-04-27T00:55:35.051-0700 [TRACE] cloud: found workspace name "workspace_test" in cloud config block
2026-04-27T00:55:35.051-0700 [TRACE] cloud: using project "" from TF_CLOUD_PROJECT variable
2026-04-27T00:55:35.051-0700 [TRACE] cloud: using workspace name "workspace_test" from cloud config block
2026-04-27T00:55:35.051-0700 [DEBUG] Service discovery for localhost:5173 at https://localhost:5173/.well-known/terraform.json
2026-04-27T00:55:35.051-0700 [TRACE] HTTP client GET request to https://localhost:5173/.well-known/terraform.json
2026-04-27T00:55:35.111-0700 [TRACE] Meta.BackendForPlan: backend *cloud.Cloud supports operations
2026-04-27T00:55:35.111-0700 [DEBUG] Service discovery for localhost:5173 aliased as localterraform.com
2026-04-27T00:56:10.716-0700 [INFO]  Terraform version: 1.7.3
2026-04-27T00:56:10.716-0700 [DEBUG] using github.com/hashicorp/go-tfe v1.41.0
2026-04-27T00:56:10.716-0700 [DEBUG] using github.com/hashicorp/hcl/v2 v2.19.1
2026-04-27T00:56:10.716-0700 [DEBUG] using github.com/hashicorp/terraform-svchost v0.1.1
2026-04-27T00:56:10.716-0700 [DEBUG] using github.com/zclconf/go-cty v1.14.1
2026-04-27T00:56:10.716-0700 [INFO]  Go runtime version: go1.21.5
2026-04-27T00:56:10.716-0700 [INFO]  CLI args: []string{"C:\\Users\\PsyStew\\Documents\\DEV\\terraform-associate\\terraform.exe", "init"}
2026-04-27T00:56:10.716-0700 [TRACE] Stdout is a terminal of width 173
2026-04-27T00:56:10.717-0700 [TRACE] Stderr is a terminal of width 173
2026-04-27T00:56:10.717-0700 [TRACE] Stdin is a terminal
2026-04-27T00:56:10.719-0700 [DEBUG] Attempting to open CLI config file: C:\Users\PsyStew\AppData\Roaming\terraform.rc
2026-04-27T00:56:10.719-0700 [DEBUG] File doesn't exist, but doesn't need to. Ignoring.
2026-04-27T00:56:10.719-0700 [INFO]  Loading CLI configuration from C:\Users\PsyStew\AppData\Roaming\terraform.d\credentials.tfrc.json
2026-04-27T00:56:10.719-0700 [DEBUG] ignoring non-existing provider search directory terraform.d/plugins
2026-04-27T00:56:10.719-0700 [DEBUG] ignoring non-existing provider search directory C:\Users\PsyStew\AppData\Roaming\terraform.d\plugins
2026-04-27T00:56:10.720-0700 [DEBUG] ignoring non-existing provider search directory C:\Users\PsyStew\AppData\Roaming\HashiCorp\Terraform\plugins
2026-04-27T00:56:10.721-0700 [INFO]  CLI command args: []string{"init"}
2026-04-27T00:56:10.721-0700 [TRACE] Meta.Backend: built configuration for "cloud" backend with hash value 510653128
2026-04-27T00:56:10.721-0700 [TRACE] Meta.Backend: backend has not previously been initialized in this working directory
2026-04-27T00:56:10.721-0700 [DEBUG] New state was assigned lineage "9eafb860-c501-20ba-4ec0-8a8770ac258c"
2026-04-27T00:56:10.721-0700 [TRACE] Meta.Backend: moving from default local state only to "cloud" backend
2026-04-27T00:56:10.722-0700 [DEBUG] checking for provisioner in "."
2026-04-27T00:56:10.722-0700 [DEBUG] checking for provisioner in "C:\\Users\\PsyStew\\Documents\\DEV\\terraform-associate"
2026-04-27T00:56:10.722-0700 [TRACE] backend/local: state manager for workspace "default" will:
 - read initial snapshot from terraform.tfstate
 - write new snapshots to terraform.tfstate
 - create any backup at terraform.tfstate.backup
2026-04-27T00:56:10.722-0700 [TRACE] statemgr.Filesystem: reading initial snapshot from terraform.tfstate
2026-04-27T00:56:10.722-0700 [TRACE] statemgr.Filesystem: snapshot file has nil snapshot, but that's okay
2026-04-27T00:56:10.722-0700 [TRACE] statemgr.Filesystem: read nil snapshot
2026-04-27T00:56:10.722-0700 [TRACE] Meta.Backend: ignoring local "default" workspace because its state is empty
2026-04-27T00:56:10.722-0700 [TRACE] Meta.Backend: Terraform Cloud mode initialization type: ConfigChangeInPlace
2026-04-27T00:56:10.722-0700 [TRACE] cloud: using hostname "localhost:5173" from cloud config block
2026-04-27T00:56:10.722-0700 [TRACE] cloud: using organization "org_test" from cloud config block
2026-04-27T00:56:10.722-0700 [TRACE] cloud: found workspace name "workspace_test" in cloud config block
2026-04-27T00:56:10.722-0700 [TRACE] cloud: using project "" from TF_CLOUD_PROJECT variable
2026-04-27T00:56:10.722-0700 [TRACE] cloud: using workspace name "workspace_test" from cloud config block
2026-04-27T00:56:10.722-0700 [DEBUG] Service discovery for localhost:5173 at https://localhost:5173/.well-known/terraform.json
2026-04-27T00:56:10.722-0700 [TRACE] HTTP client GET request to https://localhost:5173/.well-known/terraform.json
2026-04-27T00:56:10.782-0700 [TRACE] Meta.BackendForPlan: backend *cloud.Cloud supports operations
2026-04-27T00:56:10.782-0700 [DEBUG] Service discovery for localhost:5173 aliased as localterraform.com
2026-04-27T00:57:24.736-0700 [INFO]  Terraform version: 1.7.3
2026-04-27T00:57:24.737-0700 [DEBUG] using github.com/hashicorp/go-tfe v1.41.0
2026-04-27T00:57:24.737-0700 [DEBUG] using github.com/hashicorp/hcl/v2 v2.19.1
2026-04-27T00:57:24.737-0700 [DEBUG] using github.com/hashicorp/terraform-svchost v0.1.1
2026-04-27T00:57:24.737-0700 [DEBUG] using github.com/zclconf/go-cty v1.14.1
2026-04-27T00:57:24.737-0700 [INFO]  Go runtime version: go1.21.5
2026-04-27T00:57:24.737-0700 [INFO]  CLI args: []string{"C:\\Users\\PsyStew\\Documents\\DEV\\terraform-associate\\terraform.exe", "init"}
2026-04-27T00:57:24.738-0700 [TRACE] Stdout is a terminal of width 173
2026-04-27T00:57:24.738-0700 [TRACE] Stderr is a terminal of width 173
2026-04-27T00:57:24.738-0700 [TRACE] Stdin is a terminal
2026-04-27T00:57:24.740-0700 [DEBUG] Attempting to open CLI config file: C:\Users\PsyStew\AppData\Roaming\terraform.rc
2026-04-27T00:57:24.740-0700 [DEBUG] File doesn't exist, but doesn't need to. Ignoring.
2026-04-27T00:57:24.740-0700 [INFO]  Loading CLI configuration from C:\Users\PsyStew\AppData\Roaming\terraform.d\credentials.tfrc.json
2026-04-27T00:57:24.741-0700 [DEBUG] ignoring non-existing provider search directory terraform.d/plugins
2026-04-27T00:57:24.741-0700 [DEBUG] ignoring non-existing provider search directory C:\Users\PsyStew\AppData\Roaming\terraform.d\plugins
2026-04-27T00:57:24.741-0700 [DEBUG] ignoring non-existing provider search directory C:\Users\PsyStew\AppData\Roaming\HashiCorp\Terraform\plugins
2026-04-27T00:57:24.742-0700 [INFO]  CLI command args: []string{"init"}
2026-04-27T00:57:24.743-0700 [TRACE] Meta.Backend: built configuration for "cloud" backend with hash value 510653128
2026-04-27T00:57:24.743-0700 [TRACE] Meta.Backend: backend has not previously been initialized in this working directory
2026-04-27T00:57:24.743-0700 [DEBUG] New state was assigned lineage "46907139-c57a-a18f-86bb-19bc305f8d1f"
2026-04-27T00:57:24.743-0700 [TRACE] Meta.Backend: moving from default local state only to "cloud" backend
2026-04-27T00:57:24.743-0700 [DEBUG] checking for provisioner in "."
2026-04-27T00:57:24.743-0700 [DEBUG] checking for provisioner in "C:\\Users\\PsyStew\\Documents\\DEV\\terraform-associate"
2026-04-27T00:57:24.743-0700 [TRACE] backend/local: state manager for workspace "default" will:
 - read initial snapshot from terraform.tfstate
 - write new snapshots to terraform.tfstate
 - create any backup at terraform.tfstate.backup
2026-04-27T00:57:24.743-0700 [TRACE] statemgr.Filesystem: reading initial snapshot from terraform.tfstate
2026-04-27T00:57:24.743-0700 [TRACE] statemgr.Filesystem: snapshot file has nil snapshot, but that's okay
2026-04-27T00:57:24.743-0700 [TRACE] statemgr.Filesystem: read nil snapshot
2026-04-27T00:57:24.743-0700 [TRACE] Meta.Backend: ignoring local "default" workspace because its state is empty
2026-04-27T00:57:24.743-0700 [TRACE] Meta.Backend: Terraform Cloud mode initialization type: ConfigChangeInPlace
2026-04-27T00:57:24.743-0700 [TRACE] cloud: using hostname "localhost:5173" from cloud config block
2026-04-27T00:57:24.743-0700 [TRACE] cloud: using organization "org_test" from cloud config block
2026-04-27T00:57:24.743-0700 [TRACE] cloud: found workspace name "workspace_test" in cloud config block
2026-04-27T00:57:24.743-0700 [TRACE] cloud: using project "" from TF_CLOUD_PROJECT variable
2026-04-27T00:57:24.743-0700 [TRACE] cloud: using workspace name "workspace_test" from cloud config block
2026-04-27T00:57:24.743-0700 [DEBUG] Service discovery for localhost:5173 at https://localhost:5173/.well-known/terraform.json
2026-04-27T00:57:24.743-0700 [TRACE] HTTP client GET request to https://localhost:5173/.well-known/terraform.json
2026-04-27T00:57:24.798-0700 [TRACE] Meta.BackendForPlan: backend *cloud.Cloud supports operations
2026-04-27T00:57:24.798-0700 [DEBUG] Service discovery for localhost:5173 aliased as localterraform.com
2026-04-27T00:58:13.921-0700 [INFO]  Terraform version: 1.7.3
2026-04-27T00:58:13.922-0700 [DEBUG] using github.com/hashicorp/go-tfe v1.41.0
2026-04-27T00:58:13.922-0700 [DEBUG] using github.com/hashicorp/hcl/v2 v2.19.1
2026-04-27T00:58:13.922-0700 [DEBUG] using github.com/hashicorp/terraform-svchost v0.1.1
2026-04-27T00:58:13.922-0700 [DEBUG] using github.com/zclconf/go-cty v1.14.1
2026-04-27T00:58:13.922-0700 [INFO]  Go runtime version: go1.21.5
2026-04-27T00:58:13.922-0700 [INFO]  CLI args: []string{"C:\\Users\\PsyStew\\Documents\\DEV\\terraform-associate\\terraform.exe", "init"}
2026-04-27T00:58:13.922-0700 [TRACE] Stdout is a terminal of width 173
2026-04-27T00:58:13.922-0700 [TRACE] Stderr is a terminal of width 173
2026-04-27T00:58:13.922-0700 [TRACE] Stdin is a terminal
2026-04-27T00:58:13.925-0700 [DEBUG] Attempting to open CLI config file: C:\Users\PsyStew\AppData\Roaming\terraform.rc
2026-04-27T00:58:13.925-0700 [DEBUG] File doesn't exist, but doesn't need to. Ignoring.
2026-04-27T00:58:13.925-0700 [INFO]  Loading CLI configuration from C:\Users\PsyStew\AppData\Roaming\terraform.d\credentials.tfrc.json
2026-04-27T00:58:13.926-0700 [DEBUG] ignoring non-existing provider search directory terraform.d/plugins
2026-04-27T00:58:13.926-0700 [DEBUG] ignoring non-existing provider search directory C:\Users\PsyStew\AppData\Roaming\terraform.d\plugins
2026-04-27T00:58:13.927-0700 [DEBUG] ignoring non-existing provider search directory C:\Users\PsyStew\AppData\Roaming\HashiCorp\Terraform\plugins
2026-04-27T00:58:13.927-0700 [INFO]  CLI command args: []string{"init"}
2026-04-27T00:58:13.928-0700 [TRACE] Meta.Backend: built configuration for "cloud" backend with hash value 510653128
2026-04-27T00:58:13.928-0700 [TRACE] Meta.Backend: backend has not previously been initialized in this working directory
2026-04-27T00:58:13.928-0700 [DEBUG] New state was assigned lineage "a57acfd0-67c5-764d-ef69-af242c2a5aa5"
2026-04-27T00:58:13.928-0700 [TRACE] Meta.Backend: moving from default local state only to "cloud" backend
2026-04-27T00:58:13.928-0700 [DEBUG] checking for provisioner in "."
2026-04-27T00:58:13.928-0700 [DEBUG] checking for provisioner in "C:\\Users\\PsyStew\\Documents\\DEV\\terraform-associate"
2026-04-27T00:58:13.928-0700 [TRACE] backend/local: state manager for workspace "default" will:
 - read initial snapshot from terraform.tfstate
 - write new snapshots to terraform.tfstate
 - create any backup at terraform.tfstate.backup
2026-04-27T00:58:13.928-0700 [TRACE] statemgr.Filesystem: reading initial snapshot from terraform.tfstate
2026-04-27T00:58:13.928-0700 [TRACE] statemgr.Filesystem: snapshot file has nil snapshot, but that's okay
2026-04-27T00:58:13.929-0700 [TRACE] statemgr.Filesystem: read nil snapshot
2026-04-27T00:58:13.929-0700 [TRACE] Meta.Backend: ignoring local "default" workspace because its state is empty
2026-04-27T00:58:13.929-0700 [TRACE] Meta.Backend: Terraform Cloud mode initialization type: ConfigChangeInPlace
2026-04-27T00:58:13.929-0700 [TRACE] cloud: using hostname "localhost:5173" from cloud config block
2026-04-27T00:58:13.929-0700 [TRACE] cloud: using organization "org_test" from cloud config block
2026-04-27T00:58:13.929-0700 [TRACE] cloud: found workspace name "workspace_test" in cloud config block
2026-04-27T00:58:13.929-0700 [TRACE] cloud: using project "" from TF_CLOUD_PROJECT variable
2026-04-27T00:58:13.929-0700 [TRACE] cloud: using workspace name "workspace_test" from cloud config block
2026-04-27T00:58:13.929-0700 [DEBUG] Service discovery for localhost:5173 at https://localhost:5173/.well-known/terraform.json
2026-04-27T00:58:13.929-0700 [TRACE] HTTP client GET request to https://localhost:5173/.well-known/terraform.json
2026-04-27T00:58:13.993-0700 [TRACE] Meta.BackendForPlan: backend *cloud.Cloud supports operations
2026-04-27T00:58:13.993-0700 [DEBUG] Service discovery for localhost:5173 aliased as localterraform.com
2026-04-27T00:58:58.557-0700 [INFO]  Terraform version: 1.7.3
2026-04-27T00:58:58.557-0700 [DEBUG] using github.com/hashicorp/go-tfe v1.41.0
2026-04-27T00:58:58.557-0700 [DEBUG] using github.com/hashicorp/hcl/v2 v2.19.1
2026-04-27T00:58:58.557-0700 [DEBUG] using github.com/hashicorp/terraform-svchost v0.1.1
2026-04-27T00:58:58.557-0700 [DEBUG] using github.com/zclconf/go-cty v1.14.1
2026-04-27T00:58:58.557-0700 [INFO]  Go runtime version: go1.21.5
2026-04-27T00:58:58.557-0700 [INFO]  CLI args: []string{"C:\\Users\\PsyStew\\Documents\\DEV\\terraform-associate\\terraform.exe", "init"}
2026-04-27T00:58:58.558-0700 [TRACE] Stdout is a terminal of width 173
2026-04-27T00:58:58.558-0700 [TRACE] Stderr is a terminal of width 173
2026-04-27T00:58:58.558-0700 [TRACE] Stdin is a terminal
2026-04-27T00:58:58.561-0700 [DEBUG] Attempting to open CLI config file: C:\Users\PsyStew\AppData\Roaming\terraform.rc
2026-04-27T00:58:58.561-0700 [DEBUG] File doesn't exist, but doesn't need to. Ignoring.
2026-04-27T00:58:58.561-0700 [INFO]  Loading CLI configuration from C:\Users\PsyStew\AppData\Roaming\terraform.d\credentials.tfrc.json
2026-04-27T00:58:58.561-0700 [DEBUG] ignoring non-existing provider search directory terraform.d/plugins
2026-04-27T00:58:58.562-0700 [DEBUG] ignoring non-existing provider search directory C:\Users\PsyStew\AppData\Roaming\terraform.d\plugins
2026-04-27T00:58:58.562-0700 [DEBUG] ignoring non-existing provider search directory C:\Users\PsyStew\AppData\Roaming\HashiCorp\Terraform\plugins
2026-04-27T00:58:58.562-0700 [INFO]  CLI command args: []string{"init"}
2026-04-27T00:58:58.563-0700 [TRACE] Meta.Backend: built configuration for "cloud" backend with hash value 510653128
2026-04-27T00:58:58.563-0700 [TRACE] Meta.Backend: backend has not previously been initialized in this working directory
2026-04-27T00:58:58.563-0700 [DEBUG] New state was assigned lineage "36dce92b-3928-fa63-398b-43fa53ba3686"
2026-04-27T00:58:58.563-0700 [TRACE] Meta.Backend: moving from default local state only to "cloud" backend
2026-04-27T00:58:58.563-0700 [DEBUG] checking for provisioner in "."
2026-04-27T00:58:58.563-0700 [DEBUG] checking for provisioner in "C:\\Users\\PsyStew\\Documents\\DEV\\terraform-associate"
2026-04-27T00:58:58.564-0700 [TRACE] backend/local: state manager for workspace "default" will:
 - read initial snapshot from terraform.tfstate
 - write new snapshots to terraform.tfstate
 - create any backup at terraform.tfstate.backup
2026-04-27T00:58:58.564-0700 [TRACE] statemgr.Filesystem: reading initial snapshot from terraform.tfstate
2026-04-27T00:58:58.564-0700 [TRACE] statemgr.Filesystem: snapshot file has nil snapshot, but that's okay
2026-04-27T00:58:58.564-0700 [TRACE] statemgr.Filesystem: read nil snapshot
2026-04-27T00:58:58.564-0700 [TRACE] Meta.Backend: ignoring local "default" workspace because its state is empty
2026-04-27T00:58:58.564-0700 [TRACE] Meta.Backend: Terraform Cloud mode initialization type: ConfigChangeInPlace
2026-04-27T00:58:58.564-0700 [TRACE] cloud: using hostname "localhost:5173" from cloud config block
2026-04-27T00:58:58.564-0700 [TRACE] cloud: using organization "org_test" from cloud config block
2026-04-27T00:58:58.564-0700 [TRACE] cloud: found workspace name "workspace_test" in cloud config block
2026-04-27T00:58:58.564-0700 [TRACE] cloud: using project "" from TF_CLOUD_PROJECT variable
2026-04-27T00:58:58.564-0700 [TRACE] cloud: using workspace name "workspace_test" from cloud config block
2026-04-27T00:58:58.564-0700 [DEBUG] Service discovery for localhost:5173 at https://localhost:5173/.well-known/terraform.json
2026-04-27T00:58:58.564-0700 [TRACE] HTTP client GET request to https://localhost:5173/.well-known/terraform.json
2026-04-27T00:58:58.627-0700 [TRACE] Meta.BackendForPlan: backend *cloud.Cloud supports operations
2026-04-27T00:58:58.627-0700 [DEBUG] Service discovery for localhost:5173 aliased as localterraform.com
2026-04-27T00:59:50.200-0700 [INFO]  Terraform version: 1.7.3
2026-04-27T00:59:50.201-0700 [DEBUG] using github.com/hashicorp/go-tfe v1.41.0
2026-04-27T00:59:50.201-0700 [DEBUG] using github.com/hashicorp/hcl/v2 v2.19.1
2026-04-27T00:59:50.201-0700 [DEBUG] using github.com/hashicorp/terraform-svchost v0.1.1
2026-04-27T00:59:50.201-0700 [DEBUG] using github.com/zclconf/go-cty v1.14.1
2026-04-27T00:59:50.201-0700 [INFO]  Go runtime version: go1.21.5
2026-04-27T00:59:50.201-0700 [INFO]  CLI args: []string{"C:\\Users\\PsyStew\\Documents\\DEV\\terraform-associate\\terraform.exe", "init"}
2026-04-27T00:59:50.201-0700 [TRACE] Stdout is a terminal of width 173
2026-04-27T00:59:50.201-0700 [TRACE] Stderr is a terminal of width 173
2026-04-27T00:59:50.201-0700 [TRACE] Stdin is a terminal
2026-04-27T00:59:50.204-0700 [DEBUG] Attempting to open CLI config file: C:\Users\PsyStew\AppData\Roaming\terraform.rc
2026-04-27T00:59:50.204-0700 [DEBUG] File doesn't exist, but doesn't need to. Ignoring.
2026-04-27T00:59:50.204-0700 [INFO]  Loading CLI configuration from C:\Users\PsyStew\AppData\Roaming\terraform.d\credentials.tfrc.json
2026-04-27T00:59:50.205-0700 [DEBUG] ignoring non-existing provider search directory terraform.d/plugins
2026-04-27T00:59:50.205-0700 [DEBUG] ignoring non-existing provider search directory C:\Users\PsyStew\AppData\Roaming\terraform.d\plugins
2026-04-27T00:59:50.205-0700 [DEBUG] ignoring non-existing provider search directory C:\Users\PsyStew\AppData\Roaming\HashiCorp\Terraform\plugins
2026-04-27T00:59:50.206-0700 [INFO]  CLI command args: []string{"init"}
2026-04-27T00:59:50.207-0700 [TRACE] Meta.Backend: built configuration for "cloud" backend with hash value 510653128
2026-04-27T00:59:50.207-0700 [TRACE] Meta.Backend: backend has not previously been initialized in this working directory
2026-04-27T00:59:50.207-0700 [DEBUG] New state was assigned lineage "5ed91051-1cb2-5ad9-4786-d355acdb749e"
2026-04-27T00:59:50.207-0700 [TRACE] Meta.Backend: moving from default local state only to "cloud" backend
2026-04-27T00:59:50.207-0700 [DEBUG] checking for provisioner in "."
2026-04-27T00:59:50.207-0700 [DEBUG] checking for provisioner in "C:\\Users\\PsyStew\\Documents\\DEV\\terraform-associate"
2026-04-27T00:59:50.207-0700 [TRACE] backend/local: state manager for workspace "default" will:
 - read initial snapshot from terraform.tfstate
 - write new snapshots to terraform.tfstate
 - create any backup at terraform.tfstate.backup
2026-04-27T00:59:50.207-0700 [TRACE] statemgr.Filesystem: reading initial snapshot from terraform.tfstate
2026-04-27T00:59:50.207-0700 [TRACE] statemgr.Filesystem: snapshot file has nil snapshot, but that's okay
2026-04-27T00:59:50.207-0700 [TRACE] statemgr.Filesystem: read nil snapshot
2026-04-27T00:59:50.207-0700 [TRACE] Meta.Backend: ignoring local "default" workspace because its state is empty
2026-04-27T00:59:50.207-0700 [TRACE] Meta.Backend: Terraform Cloud mode initialization type: ConfigChangeInPlace
2026-04-27T00:59:50.207-0700 [TRACE] cloud: using hostname "localhost:5173" from cloud config block
2026-04-27T00:59:50.207-0700 [TRACE] cloud: using organization "org_test" from cloud config block
2026-04-27T00:59:50.207-0700 [TRACE] cloud: found workspace name "workspace_test" in cloud config block
2026-04-27T00:59:50.207-0700 [TRACE] cloud: using project "" from TF_CLOUD_PROJECT variable
2026-04-27T00:59:50.207-0700 [TRACE] cloud: using workspace name "workspace_test" from cloud config block
2026-04-27T00:59:50.207-0700 [DEBUG] Service discovery for localhost:5173 at https://localhost:5173/.well-known/terraform.json
2026-04-27T00:59:50.207-0700 [TRACE] HTTP client GET request to https://localhost:5173/.well-known/terraform.json
2026-04-27T00:59:50.264-0700 [TRACE] Meta.BackendForPlan: backend *cloud.Cloud supports operations
2026-04-27T00:59:50.264-0700 [DEBUG] Service discovery for localhost:5173 aliased as localterraform.com
2026-04-27T01:01:18.513-0700 [INFO]  Terraform version: 1.7.3
2026-04-27T01:01:18.514-0700 [DEBUG] using github.com/hashicorp/go-tfe v1.41.0
2026-04-27T01:01:18.514-0700 [DEBUG] using github.com/hashicorp/hcl/v2 v2.19.1
2026-04-27T01:01:18.514-0700 [DEBUG] using github.com/hashicorp/terraform-svchost v0.1.1
2026-04-27T01:01:18.514-0700 [DEBUG] using github.com/zclconf/go-cty v1.14.1
2026-04-27T01:01:18.514-0700 [INFO]  Go runtime version: go1.21.5
2026-04-27T01:01:18.514-0700 [INFO]  CLI args: []string{"C:\\Users\\PsyStew\\Documents\\DEV\\terraform-associate\\terraform.exe", "init"}
2026-04-27T01:01:18.514-0700 [TRACE] Stdout is a terminal of width 173
2026-04-27T01:01:18.514-0700 [TRACE] Stderr is a terminal of width 173
2026-04-27T01:01:18.514-0700 [TRACE] Stdin is a terminal
2026-04-27T01:01:18.517-0700 [DEBUG] Attempting to open CLI config file: C:\Users\PsyStew\AppData\Roaming\terraform.rc
2026-04-27T01:01:18.517-0700 [DEBUG] File doesn't exist, but doesn't need to. Ignoring.
2026-04-27T01:01:18.517-0700 [INFO]  Loading CLI configuration from C:\Users\PsyStew\AppData\Roaming\terraform.d\credentials.tfrc.json
2026-04-27T01:01:18.517-0700 [DEBUG] ignoring non-existing provider search directory terraform.d/plugins
2026-04-27T01:01:18.517-0700 [DEBUG] ignoring non-existing provider search directory C:\Users\PsyStew\AppData\Roaming\terraform.d\plugins
2026-04-27T01:01:18.518-0700 [DEBUG] ignoring non-existing provider search directory C:\Users\PsyStew\AppData\Roaming\HashiCorp\Terraform\plugins
2026-04-27T01:01:18.518-0700 [INFO]  CLI command args: []string{"init"}
2026-04-27T01:01:18.519-0700 [TRACE] Meta.Backend: built configuration for "cloud" backend with hash value 510653128
2026-04-27T01:01:18.519-0700 [TRACE] Meta.Backend: backend has not previously been initialized in this working directory
2026-04-27T01:01:18.519-0700 [DEBUG] New state was assigned lineage "b5812ac3-5b18-1dd4-62da-38e2941127ef"
2026-04-27T01:01:18.519-0700 [TRACE] Meta.Backend: moving from default local state only to "cloud" backend
2026-04-27T01:01:18.519-0700 [DEBUG] checking for provisioner in "."
2026-04-27T01:01:18.520-0700 [DEBUG] checking for provisioner in "C:\\Users\\PsyStew\\Documents\\DEV\\terraform-associate"
2026-04-27T01:01:18.520-0700 [TRACE] backend/local: state manager for workspace "default" will:
 - read initial snapshot from terraform.tfstate
 - write new snapshots to terraform.tfstate
 - create any backup at terraform.tfstate.backup
2026-04-27T01:01:18.520-0700 [TRACE] statemgr.Filesystem: reading initial snapshot from terraform.tfstate
2026-04-27T01:01:18.520-0700 [TRACE] statemgr.Filesystem: snapshot file has nil snapshot, but that's okay
2026-04-27T01:01:18.520-0700 [TRACE] statemgr.Filesystem: read nil snapshot
2026-04-27T01:01:18.520-0700 [TRACE] Meta.Backend: ignoring local "default" workspace because its state is empty
2026-04-27T01:01:18.520-0700 [TRACE] Meta.Backend: Terraform Cloud mode initialization type: ConfigChangeInPlace
2026-04-27T01:01:18.520-0700 [TRACE] cloud: using hostname "localhost:5173" from cloud config block
2026-04-27T01:01:18.520-0700 [TRACE] cloud: using organization "org_test" from cloud config block
2026-04-27T01:01:18.520-0700 [TRACE] cloud: found workspace name "workspace_test" in cloud config block
2026-04-27T01:01:18.520-0700 [TRACE] cloud: using project "" from TF_CLOUD_PROJECT variable
2026-04-27T01:01:18.520-0700 [TRACE] cloud: using workspace name "workspace_test" from cloud config block
2026-04-27T01:01:18.520-0700 [DEBUG] Service discovery for localhost:5173 at https://localhost:5173/.well-known/terraform.json
2026-04-27T01:01:18.520-0700 [TRACE] HTTP client GET request to https://localhost:5173/.well-known/terraform.json
2026-04-27T01:01:18.580-0700 [TRACE] Meta.BackendForPlan: backend *cloud.Cloud supports operations
2026-04-27T01:01:18.580-0700 [DEBUG] Service discovery for localhost:5173 aliased as localterraform.com
2026-04-27T01:14:50.471-0700 [INFO]  Terraform version: 1.7.3
2026-04-27T01:14:50.472-0700 [DEBUG] using github.com/hashicorp/go-tfe v1.41.0
2026-04-27T01:14:50.472-0700 [DEBUG] using github.com/hashicorp/hcl/v2 v2.19.1
2026-04-27T01:14:50.472-0700 [DEBUG] using github.com/hashicorp/terraform-svchost v0.1.1
2026-04-27T01:14:50.472-0700 [DEBUG] using github.com/zclconf/go-cty v1.14.1
2026-04-27T01:14:50.472-0700 [INFO]  Go runtime version: go1.21.5
2026-04-27T01:14:50.472-0700 [INFO]  CLI args: []string{"C:\\Users\\PsyStew\\Documents\\DEV\\terraform-associate\\terraform.exe", "init"}
2026-04-27T01:14:50.472-0700 [TRACE] Stdout is a terminal of width 173
2026-04-27T01:14:50.472-0700 [TRACE] Stderr is a terminal of width 173
2026-04-27T01:14:50.472-0700 [TRACE] Stdin is a terminal
2026-04-27T01:14:50.475-0700 [DEBUG] Attempting to open CLI config file: C:\Users\PsyStew\AppData\Roaming\terraform.rc
2026-04-27T01:14:50.475-0700 [DEBUG] File doesn't exist, but doesn't need to. Ignoring.
2026-04-27T01:14:50.475-0700 [INFO]  Loading CLI configuration from C:\Users\PsyStew\AppData\Roaming\terraform.d\credentials.tfrc.json
2026-04-27T01:14:50.475-0700 [DEBUG] ignoring non-existing provider search directory terraform.d/plugins
2026-04-27T01:14:50.475-0700 [DEBUG] ignoring non-existing provider search directory C:\Users\PsyStew\AppData\Roaming\terraform.d\plugins
2026-04-27T01:14:50.476-0700 [DEBUG] ignoring non-existing provider search directory C:\Users\PsyStew\AppData\Roaming\HashiCorp\Terraform\plugins
2026-04-27T01:14:50.476-0700 [INFO]  CLI command args: []string{"init"}
2026-04-27T01:14:50.477-0700 [TRACE] Meta.Backend: built configuration for "cloud" backend with hash value 510653128
2026-04-27T01:14:50.477-0700 [TRACE] Meta.Backend: backend has not previously been initialized in this working directory
2026-04-27T01:14:50.477-0700 [DEBUG] New state was assigned lineage "cb02356a-5206-d628-cbbf-779c0011a996"
2026-04-27T01:14:50.477-0700 [TRACE] Meta.Backend: moving from default local state only to "cloud" backend
2026-04-27T01:14:50.477-0700 [DEBUG] checking for provisioner in "."
2026-04-27T01:14:50.477-0700 [DEBUG] checking for provisioner in "C:\\Users\\PsyStew\\Documents\\DEV\\terraform-associate"
2026-04-27T01:14:50.477-0700 [TRACE] backend/local: state manager for workspace "default" will:
 - read initial snapshot from terraform.tfstate
 - write new snapshots to terraform.tfstate
 - create any backup at terraform.tfstate.backup
2026-04-27T01:14:50.477-0700 [TRACE] statemgr.Filesystem: reading initial snapshot from terraform.tfstate
2026-04-27T01:14:50.477-0700 [TRACE] statemgr.Filesystem: snapshot file has nil snapshot, but that's okay
2026-04-27T01:14:50.477-0700 [TRACE] statemgr.Filesystem: read nil snapshot
2026-04-27T01:14:50.477-0700 [TRACE] Meta.Backend: ignoring local "default" workspace because its state is empty
2026-04-27T01:14:50.477-0700 [TRACE] Meta.Backend: Terraform Cloud mode initialization type: ConfigChangeInPlace
2026-04-27T01:14:50.477-0700 [TRACE] cloud: using hostname "localhost:5173" from cloud config block
2026-04-27T01:14:50.477-0700 [TRACE] cloud: using organization "org_test" from cloud config block
2026-04-27T01:14:50.478-0700 [TRACE] cloud: found workspace name "workspace_test" in cloud config block
2026-04-27T01:14:50.478-0700 [TRACE] cloud: using project "" from TF_CLOUD_PROJECT variable
2026-04-27T01:14:50.478-0700 [TRACE] cloud: using workspace name "workspace_test" from cloud config block
2026-04-27T01:14:50.478-0700 [DEBUG] Service discovery for localhost:5173 at https://localhost:5173/.well-known/terraform.json
2026-04-27T01:14:50.478-0700 [TRACE] HTTP client GET request to https://localhost:5173/.well-known/terraform.json
2026-04-27T01:14:50.541-0700 [TRACE] Meta.BackendForPlan: backend *cloud.Cloud supports operations
2026-04-27T01:14:50.541-0700 [DEBUG] Service discovery for localhost:5173 aliased as localterraform.com
2026-04-27T01:16:27.179-0700 [INFO]  Terraform version: 1.7.3
2026-04-27T01:16:27.180-0700 [DEBUG] using github.com/hashicorp/go-tfe v1.41.0
2026-04-27T01:16:27.180-0700 [DEBUG] using github.com/hashicorp/hcl/v2 v2.19.1
2026-04-27T01:16:27.180-0700 [DEBUG] using github.com/hashicorp/terraform-svchost v0.1.1
2026-04-27T01:16:27.180-0700 [DEBUG] using github.com/zclconf/go-cty v1.14.1
2026-04-27T01:16:27.180-0700 [INFO]  Go runtime version: go1.21.5
2026-04-27T01:16:27.180-0700 [INFO]  CLI args: []string{"C:\\Users\\PsyStew\\Documents\\DEV\\terraform-associate\\terraform.exe", "init"}
2026-04-27T01:16:27.180-0700 [TRACE] Stdout is a terminal of width 173
2026-04-27T01:16:27.180-0700 [TRACE] Stderr is a terminal of width 173
2026-04-27T01:16:27.180-0700 [TRACE] Stdin is a terminal
2026-04-27T01:16:27.183-0700 [DEBUG] Attempting to open CLI config file: C:\Users\PsyStew\AppData\Roaming\terraform.rc
2026-04-27T01:16:27.183-0700 [DEBUG] File doesn't exist, but doesn't need to. Ignoring.
2026-04-27T01:16:27.183-0700 [INFO]  Loading CLI configuration from C:\Users\PsyStew\AppData\Roaming\terraform.d\credentials.tfrc.json
2026-04-27T01:16:27.183-0700 [DEBUG] ignoring non-existing provider search directory terraform.d/plugins
2026-04-27T01:16:27.183-0700 [DEBUG] ignoring non-existing provider search directory C:\Users\PsyStew\AppData\Roaming\terraform.d\plugins
2026-04-27T01:16:27.184-0700 [DEBUG] ignoring non-existing provider search directory C:\Users\PsyStew\AppData\Roaming\HashiCorp\Terraform\plugins
2026-04-27T01:16:27.184-0700 [INFO]  CLI command args: []string{"init"}
2026-04-27T01:16:27.185-0700 [TRACE] Meta.Backend: built configuration for "cloud" backend with hash value 510653128
2026-04-27T01:16:27.185-0700 [TRACE] Meta.Backend: backend has not previously been initialized in this working directory
2026-04-27T01:16:27.185-0700 [DEBUG] New state was assigned lineage "de709dcd-b183-497e-c9b5-9cf3bf993ccb"
2026-04-27T01:16:27.185-0700 [TRACE] Meta.Backend: moving from default local state only to "cloud" backend
2026-04-27T01:16:27.185-0700 [DEBUG] checking for provisioner in "."
2026-04-27T01:16:27.185-0700 [DEBUG] checking for provisioner in "C:\\Users\\PsyStew\\Documents\\DEV\\terraform-associate"
2026-04-27T01:16:27.186-0700 [TRACE] backend/local: state manager for workspace "default" will:
 - read initial snapshot from terraform.tfstate
 - write new snapshots to terraform.tfstate
 - create any backup at terraform.tfstate.backup
2026-04-27T01:16:27.186-0700 [TRACE] statemgr.Filesystem: reading initial snapshot from terraform.tfstate
2026-04-27T01:16:27.186-0700 [TRACE] statemgr.Filesystem: snapshot file has nil snapshot, but that's okay
2026-04-27T01:16:27.186-0700 [TRACE] statemgr.Filesystem: read nil snapshot
2026-04-27T01:16:27.186-0700 [TRACE] Meta.Backend: ignoring local "default" workspace because its state is empty
2026-04-27T01:16:27.186-0700 [TRACE] Meta.Backend: Terraform Cloud mode initialization type: ConfigChangeInPlace
2026-04-27T01:16:27.186-0700 [TRACE] cloud: using hostname "localhost:5173" from cloud config block
2026-04-27T01:16:27.186-0700 [TRACE] cloud: using organization "org_test" from cloud config block
2026-04-27T01:16:27.186-0700 [TRACE] cloud: found workspace name "workspace_test" in cloud config block
2026-04-27T01:16:27.186-0700 [TRACE] cloud: using project "" from TF_CLOUD_PROJECT variable
2026-04-27T01:16:27.186-0700 [TRACE] cloud: using workspace name "workspace_test" from cloud config block
2026-04-27T01:16:27.186-0700 [DEBUG] Service discovery for localhost:5173 at https://localhost:5173/.well-known/terraform.json
2026-04-27T01:16:27.186-0700 [TRACE] HTTP client GET request to https://localhost:5173/.well-known/terraform.json
2026-04-27T01:16:27.248-0700 [TRACE] Meta.BackendForPlan: backend *cloud.Cloud supports operations
2026-04-27T01:16:27.248-0700 [DEBUG] Service discovery for localhost:5173 aliased as localterraform.com
